*ERROR* 	2018/09/12 - 16:08:31: Duplicate entry '30100' for key 'idp'<br /><br /><pre>
						UPDATE sundev_product_attribute
						SET idp = 30100
						WHERE `reference` = "20-BAS204"; 
					</pre> at line 791 in file classes/db/Db.php
*ERROR* 	2018/09/12 - 16:12:51: Duplicate entry '30100' for key 'idp'<br /><br /><pre>
						UPDATE sundev_product_attribute
						SET idp = 30100
						WHERE `reference` = "20-BAS204"; 
					</pre> at line 791 in file classes/db/Db.php
*ERROR* 	2018/09/12 - 16:37:44: Duplicate entry '30100' for key 'idp'<br /><br /><pre>
						UPDATE sundev_product_attribute
						SET idp = 30100
						WHERE `reference` = "20-BAS204"; 
					</pre> at line 791 in file classes/db/Db.php
*ERROR* 	2018/09/12 - 16:38:37: You have an error in your SQL syntax; check the manual that corresponds to your MariaDB server version for the right syntax to use near 'WHERE `reference` = "20-BAS204"' at line 3<br /><br /><pre>
						UPDATE sundev_product_attribute
						SET idp = 
						WHERE `reference` = "20-BAS204"; 
					</pre> at line 791 in file classes/db/Db.php
*ERROR* 	2018/09/12 - 16:54:01: Unknown column 'BAS7043' in 'field list'<br /><br /><pre>
									UPDATE sundev_product_attribute
									SET 
										idp = 31180, 
										reference_smarter = 18-BAS7043
									WHERE `reference` = "18-BAS1224"; 
								</pre> at line 791 in file classes/db/Db.php
*ERROR* 	2018/09/12 - 16:55:10: Unknown column 'PRE7011' in 'field list'<br /><br /><pre>
									UPDATE sundev_product_attribute
									SET 
										idp = 7207, 
										reference_smarter = 18-PRE7011
									WHERE `reference` = "18-PRE1192"; 
								</pre> at line 791 in file classes/db/Db.php
*ERROR* 	2018/09/12 - 16:55:28: Duplicate entry '19644' for key 'idp'<br /><br /><pre>
									UPDATE sundev_product_attribute
									SET 
										idp = "19644", 
										reference_smarter = "20-PRE7110"
									WHERE `reference` = "20-PRE196"; 
								</pre> at line 791 in file classes/db/Db.php
*ERROR* 	2018/09/12 - 16:58:11: Duplicate entry '7040' for key 'idp'<br /><br /><pre>
									UPDATE sundev_product_attribute
									SET 
										idp = "7040", 
										reference_smarter = "20-BAS7122"
									WHERE `reference` = "20-BAS204"; 
								</pre> at line 791 in file classes/db/Db.php
*ERROR* 	2018/09/12 - 17:00:15: Duplicate entry '76466' for key 'idp'<br /><br /><pre>
									UPDATE sundev_product_attribute
									SET 
										idp = "76466", 
										reference_smarter = "74-BAS7624"
									WHERE `reference` = "74-BAS826"; 
								</pre> at line 791 in file classes/db/Db.php
*ERROR* 	2018/09/12 - 17:04:15: Duplicate entry '76466' for key 'idp'<br /><br /><pre>
									UPDATE sundev_product_attribute
									SET 
										idp = "76466", 
										reference_smarter = "74-BAS7624"
									WHERE `reference` = "74-BAS826"; 
								</pre> at line 791 in file classes/db/Db.php
*ERROR* 	2018/09/12 - 17:45:27: Duplicate entry '78245' for key 'idp'<br /><br /><pre>
									UPDATE sundev_product_attribute
									SET 
										idp = "78245", 
										reference_smarter = "90-BAS8483"
									WHERE `reference` = "90-BAS1309"; 
								</pre> at line 791 in file classes/db/Db.php
